生成启动时间为 2020/3/17 16:11:38。
     1>项目“c:\Users\Qian_X\OneDrive\文档\visual studio 2015\Projects\EX2_1\EX2_1\EX2_1.vcxproj”在节点 2 上(Build 个目标)。
     1>ClCompile:
         C:\Program Files (x86)\Microsoft Visual Studio 14.0\VC\bin\CL.exe /c /ZI /nologo /W3 /WX- /sdl /Od /Oy- /D WIN32 /D _WINDOWS /D _DEBUG /D _UNICODE /D UNICODE /D _AFXDLL /Gm /EHsc /RTC1 /MDd /GS /fp:precise /Zc:wchar_t /Zc:forScope /Zc:inline /Yc"stdafx.h" /Fp"Debug\EX2_1.pch" /Fo"Debug\\" /Fd"Debug\vc140.pdb" /Gd /TP /analyze- /errorReport:prompt stdafx.cpp
         stdafx.cpp
         C:\Program Files (x86)\Microsoft Visual Studio 14.0\VC\bin\CL.exe /c /ZI /nologo /W3 /WX- /sdl /Od /Oy- /D WIN32 /D _WINDOWS /D _DEBUG /D _UNICODE /D UNICODE /D _AFXDLL /Gm /EHsc /RTC1 /MDd /GS /fp:precise /Zc:wchar_t /Zc:forScope /Zc:inline /Yu"stdafx.h" /Fp"Debug\EX2_1.pch" /Fo"Debug\\" /Fd"Debug\vc140.pdb" /Gd /TP /analyze- /errorReport:prompt EX2_1.cpp EX2_1Doc.cpp EX2_1View.cpp MainFrm.cpp
         MainFrm.cpp
         EX2_1View.cpp
         EX2_1Doc.cpp
         EX2_1.cpp
         正在生成代码...
       ResourceCompile:
         C:\Program Files (x86)\Windows Kits\8.1\bin\x86\rc.exe /D _DEBUG /D _UNICODE /D UNICODE /D _AFXDLL /l"0x0804" /IDebug\ /nologo /fo"Debug\EX2_1.res" EX2_1.rc 
       Link:
         C:\Program Files (x86)\Microsoft Visual Studio 14.0\VC\bin\link.exe /ERRORREPORT:PROMPT /OUT:"c:\users\qian_x\onedrive\文档\visual studio 2015\Projects\EX2_1\Debug\EX2_1.exe" /INCREMENTAL /NOLOGO /MANIFEST /MANIFESTUAC:"level='asInvoker' uiAccess='false'" /manifest:embed /manifestinput:"C:\Program Files (x86)\Microsoft Visual Studio 14.0\VC\Include\Manifest\dpiaware.manifest" /Debug /PDB:"c:\users\qian_x\onedrive\文档\visual studio 2015\Projects\EX2_1\Debug\EX2_1.pdb" /SUBSYSTEM:WINDOWS /TLBID:1 /ENTRY:"wWinMainCRTStartup" /DYNAMICBASE /NXCOMPAT /IMPLIB:"c:\users\qian_x\onedrive\文档\visual studio 2015\Projects\EX2_1\Debug\EX2_1.lib" /MACHINE:X86 Debug\EX2_1.res
         Debug\EX2_1.obj
         Debug\EX2_1Doc.obj
         Debug\EX2_1View.obj
         Debug\MainFrm.obj
         Debug\stdafx.obj
         EX2_1.vcxproj -> c:\users\qian_x\onedrive\文档\visual studio 2015\Projects\EX2_1\Debug\EX2_1.exe
     1>已完成生成项目“c:\Users\Qian_X\OneDrive\文档\visual studio 2015\Projects\EX2_1\EX2_1\EX2_1.vcxproj”(Build 个目标)的操作。

已成功生成。

已用时间 00:00:04.94
