c:\users\qian_x\onedrive\文档\visual studio 2015\projects\ex4_3\ex4_3\debug\ex4_3.pch
c:\users\qian_x\onedrive\文档\visual studio 2015\projects\ex4_3\ex4_3\debug\vc140.pdb
c:\users\qian_x\onedrive\文档\visual studio 2015\projects\ex4_3\ex4_3\debug\vc140.idb
c:\users\qian_x\onedrive\文档\visual studio 2015\projects\ex4_3\ex4_3\debug\stdafx.obj
c:\users\qian_x\onedrive\文档\visual studio 2015\projects\ex4_3\ex4_3\debug\ex4_3.obj
c:\users\qian_x\onedrive\文档\visual studio 2015\projects\ex4_3\ex4_3\debug\ex4_3doc.obj
c:\users\qian_x\onedrive\文档\visual studio 2015\projects\ex4_3\ex4_3\debug\ex4_3view.obj
c:\users\qian_x\onedrive\文档\visual studio 2015\projects\ex4_3\ex4_3\debug\mainfrm.obj
c:\users\qian_x\onedrive\文档\visual studio 2015\projects\ex4_3\debug\ex4_3.ilk
c:\users\qian_x\onedrive\文档\visual studio 2015\projects\ex4_3\debug\ex4_3.exe
c:\users\qian_x\onedrive\文档\visual studio 2015\projects\ex4_3\debug\ex4_3.pdb
c:\users\qian_x\onedrive\文档\visual studio 2015\projects\ex4_3\ex4_3\debug\ex4_3.res
c:\users\qian_x\onedrive\文档\visual studio 2015\projects\ex4_3\ex4_3\debug\ex4_3.tlog\cl.command.1.tlog
c:\users\qian_x\onedrive\文档\visual studio 2015\projects\ex4_3\ex4_3\debug\ex4_3.tlog\cl.read.1.tlog
c:\users\qian_x\onedrive\文档\visual studio 2015\projects\ex4_3\ex4_3\debug\ex4_3.tlog\cl.write.1.tlog
c:\users\qian_x\onedrive\文档\visual studio 2015\projects\ex4_3\ex4_3\debug\ex4_3.tlog\link.command.1.tlog
c:\users\qian_x\onedrive\文档\visual studio 2015\projects\ex4_3\ex4_3\debug\ex4_3.tlog\link.read.1.tlog
c:\users\qian_x\onedrive\文档\visual studio 2015\projects\ex4_3\ex4_3\debug\ex4_3.tlog\link.write.1.tlog
c:\users\qian_x\onedrive\文档\visual studio 2015\projects\ex4_3\ex4_3\debug\ex4_3.tlog\rc.command.1.tlog
c:\users\qian_x\onedrive\文档\visual studio 2015\projects\ex4_3\ex4_3\debug\ex4_3.tlog\rc.read.1.tlog
c:\users\qian_x\onedrive\文档\visual studio 2015\projects\ex4_3\ex4_3\debug\ex4_3.tlog\rc.write.1.tlog
