生成启动时间为 2020/3/23 15:30:17。
     1>项目“C:\Users\Qian_X\OneDrive\文档\Visual Studio 2015\Projects\EX4_3\EX4_3\EX4_3.vcxproj”在节点 2 上(Build 个目标)。
     1>ClCompile:
         C:\Program Files (x86)\Microsoft Visual Studio 14.0\VC\bin\CL.exe /c /ZI /nologo /W3 /WX- /sdl /Od /Oy- /D WIN32 /D _WINDOWS /D _DEBUG /D _UNICODE /D UNICODE /D _AFXDLL /Gm /EHsc /RTC1 /MDd /GS /fp:precise /Zc:wchar_t /Zc:forScope /Zc:inline /Yu"stdafx.h" /Fp"Debug\EX4_3.pch" /Fo"Debug\\" /Fd"Debug\vc140.pdb" /Gd /TP /analyze- /errorReport:prompt EX4_3.cpp EX4_3Doc.cpp EX4_3View.cpp MainFrm.cpp
         EX4_3View.cpp
     1>c:\users\qian_x\onedrive\文档\visual studio 2015\projects\ex4_3\ex4_3\ex4_3view.cpp(124): warning C4554: “&”: 检查运算符优先级可能存在的错误；使用圆括号阐明优先级
     1>c:\users\qian_x\onedrive\文档\visual studio 2015\projects\ex4_3\ex4_3\ex4_3view.cpp(127): warning C4554: “&”: 检查运算符优先级可能存在的错误；使用圆括号阐明优先级
     1>c:\users\qian_x\onedrive\文档\visual studio 2015\projects\ex4_3\ex4_3\ex4_3view.cpp(144): warning C4554: “&”: 检查运算符优先级可能存在的错误；使用圆括号阐明优先级
         正在生成代码...
         正在跳过...(未检测到相关更改)
         MainFrm.cpp
         EX4_3Doc.cpp
         EX4_3.cpp
       ResourceCompile:
         C:\Program Files (x86)\Windows Kits\8.1\bin\x86\rc.exe /D _DEBUG /D _UNICODE /D UNICODE /D _AFXDLL /l"0x0804" /IDebug\ /nologo /fo"Debug\EX4_3.res" EX4_3.rc 
       Link:
         C:\Program Files (x86)\Microsoft Visual Studio 14.0\VC\bin\link.exe /ERRORREPORT:PROMPT /OUT:"C:\Users\Qian_X\OneDrive\文档\Visual Studio 2015\Projects\EX4_3\Debug\EX4_3.exe" /INCREMENTAL /NOLOGO /MANIFEST /MANIFESTUAC:"level='asInvoker' uiAccess='false'" /manifest:embed /manifestinput:"C:\Program Files (x86)\Microsoft Visual Studio 14.0\VC\Include\Manifest\dpiaware.manifest" /Debug /PDB:"C:\Users\Qian_X\OneDrive\文档\Visual Studio 2015\Projects\EX4_3\Debug\EX4_3.pdb" /SUBSYSTEM:WINDOWS /TLBID:1 /ENTRY:"wWinMainCRTStartup" /DYNAMICBASE /NXCOMPAT /IMPLIB:"C:\Users\Qian_X\OneDrive\文档\Visual Studio 2015\Projects\EX4_3\Debug\EX4_3.lib" /MACHINE:X86 Debug\EX4_3.res
         Debug\EX4_3.obj
         Debug\EX4_3Doc.obj
         Debug\EX4_3View.obj
         Debug\MainFrm.obj
         Debug\stdafx.obj
         EX4_3.vcxproj -> C:\Users\Qian_X\OneDrive\文档\Visual Studio 2015\Projects\EX4_3\Debug\EX4_3.exe
     1>已完成生成项目“C:\Users\Qian_X\OneDrive\文档\Visual Studio 2015\Projects\EX4_3\EX4_3\EX4_3.vcxproj”(Build 个目标)的操作。

已成功生成。

已用时间 00:00:02.26
