生成启动时间为 2020/5/25 15:25:18。
     1>项目“C:\Users\Qian_X\OneDrive\文档\Visual Studio 2015\Projects\EX11_1\EX11_1\EX11_1.vcxproj”在节点 2 上(Build 个目标)。
     1>ClCompile:
         C:\Program Files (x86)\Microsoft Visual Studio 14.0\VC\bin\CL.exe /c /ZI /nologo /W3 /WX- /sdl /Od /Oy- /D WIN32 /D _WINDOWS /D _DEBUG /D _UNICODE /D UNICODE /D _AFXDLL /Gm /EHsc /RTC1 /MDd /GS /fp:precise /Zc:wchar_t /Zc:forScope /Zc:inline /Yu"stdafx.h" /Fp"Debug\EX11_1.pch" /Fo"Debug\\" /Fd"Debug\vc140.pdb" /Gd /TP /analyze- /errorReport:prompt EX11_1.cpp EX11_1View.cpp
         EX11_1View.cpp
         正在生成代码...
         正在跳过...(未检测到相关更改)
         EX11_1.cpp
       Link:
         C:\Program Files (x86)\Microsoft Visual Studio 14.0\VC\bin\link.exe /ERRORREPORT:PROMPT /OUT:"C:\Users\Qian_X\OneDrive\文档\Visual Studio 2015\Projects\EX11_1\Debug\EX11_1.exe" /INCREMENTAL /NOLOGO /MANIFEST /MANIFESTUAC:"level='asInvoker' uiAccess='false'" /manifest:embed /manifestinput:"C:\Program Files (x86)\Microsoft Visual Studio 14.0\VC\Include\Manifest\dpiaware.manifest" /Debug /PDB:"C:\Users\Qian_X\OneDrive\文档\Visual Studio 2015\Projects\EX11_1\Debug\EX11_1.pdb" /SUBSYSTEM:WINDOWS /TLBID:1 /ENTRY:"wWinMainCRTStartup" /DYNAMICBASE /NXCOMPAT /IMPLIB:"C:\Users\Qian_X\OneDrive\文档\Visual Studio 2015\Projects\EX11_1\Debug\EX11_1.lib" /MACHINE:X86 Debug\EX11_1.res
         Debug\EX11_1.obj
         Debug\EX11_1Doc.obj
         Debug\EX11_1View.obj
         Debug\MainFrm.obj
         Debug\MyDlg0.obj
         Debug\stdafx.obj
         EX11_1.vcxproj -> C:\Users\Qian_X\OneDrive\文档\Visual Studio 2015\Projects\EX11_1\Debug\EX11_1.exe
     1>已完成生成项目“C:\Users\Qian_X\OneDrive\文档\Visual Studio 2015\Projects\EX11_1\EX11_1\EX11_1.vcxproj”(Build 个目标)的操作。

已成功生成。

已用时间 00:00:01.84
